C51 COMPILER V9.54   DLKEY                                                                 03/22/2023 22:20:09 PAGE 1   


C51 COMPILER V9.54, COMPILATION OF MODULE DLKEY
OBJECT MODULE PLACED IN .\Objects\DLKey.obj
COMPILER INVOKED BY: E:\D\51\keil51\Keil5 C51\keil51\C51\BIN\C51.EXE DLKey.c OPTIMIZE(8,SPEED) BROWSE DEBUG OBJECTEXTEND
                    - PRINT(.\Listings\DLKey.lst) OBJECT(.\Objects\DLKey.obj)

line level    source

   1          #include "DLKey.h"
   2          
   3          void DLKey_Init(){
   4   1              P30=1;
   5   1              P31=1;
   6   1              P32=1;
   7   1              P33=1;
   8   1      }
   9          
  10          unsigned char DLKey_GetKeynum(){
  11   1              unsigned char key_num=0;
  12   1              if(P30==0){
  13   2                      Delay10ms();
  14   2                      if(P30==0){
  15   3                              key_num=7;
  16   3                      }
  17   2                      while(P30==0);
  18   2              }
  19   1              else if(P31==0){
  20   2                      Delay10ms();
  21   2                      if(P31==0){
  22   3                              key_num=6;
  23   3                      }
  24   2                      while(P31==0);
  25   2              }
  26   1              else if(P32==0){
  27   2                      Delay10ms();
  28   2                      if(P32==0){
  29   3                              key_num=5;
  30   3                      }
  31   2                      while(P32==0);
  32   2              }
  33   1              else if(P33==0){
  34   2                      Delay10ms();
  35   2                      if(P33==0){
  36   3                              key_num=4;
  37   3                      }
  38   2                      while(P33==0);
  39   2              }
  40   1              DLKey_Init();
  41   1              return key_num;
  42   1      }


MODULE INFORMATION:   STATIC OVERLAYABLE
   CODE SIZE        =     84    ----
   CONSTANT SIZE    =   ----    ----
   XDATA SIZE       =   ----    ----
   PDATA SIZE       =   ----    ----
   DATA SIZE        =   ----       1
   IDATA SIZE       =   ----    ----
   BIT SIZE         =   ----    ----
END OF MODULE INFORMATION.


C51 COMPILATION COMPLETE.  0 WARNING(S),  0 ERROR(S)
