C51 COMPILER V9.54   DLKEY                                                                 03/19/2023 23:34:41 PAGE 1   


C51 COMPILER V9.54, COMPILATION OF MODULE DLKEY
OBJECT MODULE PLACED IN .\Objects\DLKey.obj
COMPILER INVOKED BY: E:\D\51\keil51\Keil5 C51\keil51\C51\BIN\C51.EXE DLKey.c OPTIMIZE(8,SPEED) BROWSE DEBUG OBJECTEXTEND
                    - PRINT(.\Listings\DLKey.lst) OBJECT(.\Objects\DLKey.obj)

line level    source

   1          #include "DLKey.h"
   2          
   3          void DLKey_Init(){
   4   1              P30=1;
   5   1              P31=1;
   6   1              P32=1;
   7   1              P33=1;
   8   1      }
   9          


MODULE INFORMATION:   STATIC OVERLAYABLE
   CODE SIZE        =      9    ----
   CONSTANT SIZE    =   ----    ----
   XDATA SIZE       =   ----    ----
   PDATA SIZE       =   ----    ----
   DATA SIZE        =   ----    ----
   IDATA SIZE       =   ----    ----
   BIT SIZE         =   ----    ----
END OF MODULE INFORMATION.


C51 COMPILATION COMPLETE.  0 WARNING(S),  0 ERROR(S)
