C51 COMPILER V9.54   DS1302                                                                03/19/2023 23:49:57 PAGE 1   


C51 COMPILER V9.54, COMPILATION OF MODULE DS1302
OBJECT MODULE PLACED IN .\Objects\ds1302.obj
COMPILER INVOKED BY: E:\D\51\keil51\Keil5 C51\keil51\C51\BIN\C51.EXE ds1302.c OPTIMIZE(8,SPEED) BROWSE DEBUG OBJECTEXTEN
                    -D PRINT(.\Listings\ds1302.lst) OBJECT(.\Objects\ds1302.obj)

line level    source

   1          /*
   2            程序说明: DS1302驱动程序
   3            软件环境: Keil uVision 4.10 
   4            硬件环境: CT107单片机综合实训平台 8051，12MHz
   5            日    期: 2011-8-9
   6          */
   7          
   8          #include "ds1302.h"
   9          
  10          sbit SCK=P1^7;          
  11          sbit SDA=P2^3;          
  12          sbit RST = P1^3;   // DS1302复位                                                                                                
  13          
  14          void Write_Ds1302(unsigned  char temp) 
  15          {
  16   1              unsigned char i;
  17   1              for (i=0;i<8;i++)       
  18   1              { 
  19   2                      SCK=0;
  20   2                      SDA=temp&0x01;
  21   2                      temp>>=1; 
  22   2                      SCK=1;
  23   2              }
  24   1      }   
  25          
  26          void Write_Ds1302_Byte( unsigned char address,unsigned char dat )     
  27          {
  28   1              RST=0;  _nop_();
  29   1              SCK=0;  _nop_();
  30   1              RST=1;  _nop_();  
  31   1              Write_Ds1302(address);  
  32   1              Write_Ds1302(dat);              
  33   1              RST=0; 
  34   1      }
  35          
  36          unsigned char Read_Ds1302_Byte ( unsigned char address )
  37          {
  38   1              unsigned char i,temp=0x00;
  39   1              RST=0;  _nop_();
  40   1              SCK=0;  _nop_();
  41   1              RST=1;  _nop_();
  42   1              Write_Ds1302(address);
  43   1              for (i=0;i<8;i++)       
  44   1              {               
  45   2                      SCK=0;
  46   2                      temp>>=1;       
  47   2                      if(SDA)
  48   2                      temp|=0x80;     
  49   2                      SCK=1;
  50   2              } 
  51   1              RST=0;  _nop_();
  52   1              SCK=0;  _nop_();
  53   1              SCK=1;  _nop_();
  54   1              SDA=0;  _nop_();
C51 COMPILER V9.54   DS1302                                                                03/19/2023 23:49:57 PAGE 2   

  55   1              SDA=1;  _nop_();
  56   1              return (temp);                  
  57   1      }
  58          
  59          void Ds1302_XieData(unsigned char shi,fen,miao){
  60   1              shi=(shi/10)*16+(shi%10);
  61   1              fen=(fen/10)*16+(fen%10);
  62   1              miao=(miao/10)*16+(miao%10);
  63   1              Write_Ds1302_Byte(0x8e,0x00);
  64   1              Write_Ds1302_Byte(0x84,shi);
  65   1              Write_Ds1302_Byte(0x82,fen);
  66   1              Write_Ds1302_Byte(0x80,miao);
  67   1              Write_Ds1302_Byte(0x8e,0x80);
  68   1      }
  69          
  70          unsigned char Ds1302_GetShi(){
  71   1              unsigned char date;
  72   1              date=Read_Ds1302_Byte(0x85);
  73   1              date=(date/16)*10+(date%16);
  74   1              return date;
  75   1      }
  76          
  77          unsigned char Ds1302_GetFen(){
  78   1              unsigned char date;
  79   1              date=Read_Ds1302_Byte(0x83);
  80   1              date=(date/16)*10+(date%16);
  81   1              return date;
  82   1      }
  83          
  84          unsigned char Ds1302_GetMiao(){
  85   1              unsigned char date;
  86   1              date=Read_Ds1302_Byte(0x81);
  87   1              date=(date/16)*10+(date%16);
  88   1              return date;
  89   1      }


MODULE INFORMATION:   STATIC OVERLAYABLE
   CODE SIZE        =    307    ----
   CONSTANT SIZE    =   ----    ----
   XDATA SIZE       =   ----    ----
   PDATA SIZE       =   ----    ----
   DATA SIZE        =   ----       3
   IDATA SIZE       =   ----    ----
   BIT SIZE         =   ----    ----
END OF MODULE INFORMATION.


C51 COMPILATION COMPLETE.  0 WARNING(S),  0 ERROR(S)
