C51 COMPILER V9.54   MAIN                                                                  03/17/2023 23:04:55 PAGE 1   


C51 COMPILER V9.54, COMPILATION OF MODULE MAIN
OBJECT MODULE PLACED IN .\Objects\main.obj
COMPILER INVOKED BY: E:\D\51\keil51\Keil5 C51\keil51\C51\BIN\C51.EXE main.c OPTIMIZE(8,SPEED) BROWSE DEBUG OBJECTEXTEND 
                    -PRINT(.\Listings\main.lst) OBJECT(.\Objects\main.obj)

line level    source

   1          #include "main.h"
   2          
   3          uchar key_num=0;
   4          uchar pwm=0;
   5          uchar pwm_time=0;
   6          uchar GongZuo_MoShi=0;//工作模式，0：睡眠风；1：自然风；2：常风
   7          int ShengYu_ShiJian=0;//剩余时间，单位：s
   8          uchar JieMian=0;//界面，0：工作模式和剩余工作时间显示，1：室温显示界面
   9          uint time=0;
  10          char wen_du=0;//温度
  11          uchar WenDu_Time=0;
  12          
  13          void main(){
  14   1              Init_BZ();
  15   1              SMG_Init();
  16   1              DLKey_Init();
  17   1              DSQ_2_Init();
  18   1              PWM_DSQ_1_Init();
  19   1              while(1){
  20   2                      key_num=DLKey_GetKeynum();
  21   2                      if(key_num==4){
  22   3                              GongZuo_MoShi++;
  23   3                              GongZuo_MoShi=GongZuo_MoShi%3;
  24   3                              switch(GongZuo_MoShi){
  25   4                                      case 0:{
  26   5                                              pwm=20;
  27   5                                              break;
  28   5                                      }
  29   4                                      case 1:{
  30   5                                              pwm=30;
  31   5                                              break;
  32   5                                      }
  33   4                                      case 2:{
  34   5                                              pwm=70;
  35   5                                              break;
  36   5                                      }
  37   4                              }
  38   3                      }
  39   2                      else if(key_num==5){
  40   3                              ShengYu_ShiJian=ShengYu_ShiJian+60;
  41   3                              if(ShengYu_ShiJian>9999){
  42   4                                      ShengYu_ShiJian=9999;
  43   4                              }
  44   3                              ET1=1;
  45   3                      }
  46   2                      else if(key_num==6){
  47   3                              ShengYu_ShiJian=0;
  48   3                              ET1=0;
  49   3                      }
  50   2                      else if(key_num==7){
  51   3                              JieMian++;
  52   3                              JieMian=JieMian%2;
  53   3                      }
  54   2                      
C51 COMPILER V9.54   MAIN                                                                  03/17/2023 23:04:55 PAGE 2   

  55   2                      if(WenDu_Time>=20){
  56   3                              WenDu_Time=0;
  57   3                              wen_du=(char)DS18B20_GetWenDu();
  58   3                      }
  59   2              }
  60   1      }
  61          
  62          void DSQ_1_ZD() interrupt 3{
  63   1              pwm_time++;
  64   1              if(pwm_time<pwm){
  65   2                      P34=1;
  66   2              }
  67   1              else if(pwm_time>=pwm&&pwm_time<=100){
  68   2                      P34=0;
  69   2              }
  70   1              else if(pwm_time>=101){
  71   2                      P34=0;
  72   2                      pwm_time=0;
  73   2              }
  74   1      }
  75          
  76          void DSQ_2_ZD() interrupt 12{
  77   1              WenDu_Time++;
  78   1              if(ShengYu_ShiJian>0){
  79   2                      time++;
  80   2                      if(time>=1000){
  81   3                              time=0;
  82   3                              ShengYu_ShiJian--;
  83   3                              if(ShengYu_ShiJian<=0){
  84   4                                      ShengYu_ShiJian=0;
  85   4                                      ET1=0;
  86   4                              }
  87   3                      }
  88   2              }
  89   1              
  90   1              SMG_XianShi();
  91   1              LED_XianShi();
  92   1      }
  93          
  94          void SMG_XianShi(){
  95   1              if(JieMian){
  96   2                      if(wen_du>=10){
  97   3                              SMG_Show(17,4,17,16,16,wen_du/10,wen_du%10,12);
  98   3                      }
  99   2                      else if(wen_du>=0){
 100   3                              SMG_Show(17,4,17,16,16,16,wen_du,12);
 101   3                      }
 102   2                      else if(wen_du<0){
 103   3                              SMG_Show(17,4,17,16,16,17,-wen_du,12);
 104   3                      }
 105   2              }
 106   1              else{
 107   2                      SMG_Show(17,GongZuo_MoShi+1,17,16,ShengYu_ShiJian/1000,(ShengYu_ShiJian/100)%10,(ShengYu_ShiJian/10)%10,
             -ShengYu_ShiJian%10);
 108   2              }
 109   1      }
 110          
 111          void LED_XianShi(){
 112   1              uchar L1=0xff;
 113   1              uchar L2=0xff;
 114   1              uchar L3=0xff;
 115   1              if(ShengYu_ShiJian>0){
C51 COMPILER V9.54   MAIN                                                                  03/17/2023 23:04:55 PAGE 3   

 116   2                      switch(GongZuo_MoShi){
 117   3                              case 0:{
 118   4                                      L1=0xfe;
 119   4                                      break;
 120   4                              }
 121   3                              case 1:{
 122   4                                      L2=0xfd;
 123   4                                      break;
 124   4                              }
 125   3                              case 2:{
 126   4                                      L3=0xfb;
 127   4                                      break;
 128   4                              }
 129   3                      }
 130   2                      
 131   2              }
 132   1              P0=L1&L2&L3;
 133   1              P2=(P2&0x1f)|0x80;
 134   1              P2=(P2&0x1f)|0x00;
 135   1      }


MODULE INFORMATION:   STATIC OVERLAYABLE
   CODE SIZE        =    658    ----
   CONSTANT SIZE    =   ----    ----
   XDATA SIZE       =   ----    ----
   PDATA SIZE       =   ----    ----
   DATA SIZE        =     11    ----
   IDATA SIZE       =   ----    ----
   BIT SIZE         =   ----    ----
END OF MODULE INFORMATION.


C51 COMPILATION COMPLETE.  0 WARNING(S),  0 ERROR(S)
