C51 COMPILER V9.54   INIT                                                                  03/28/2023 16:45:57 PAGE 1   


C51 COMPILER V9.54, COMPILATION OF MODULE INIT
OBJECT MODULE PLACED IN .\Objects\Init.obj
COMPILER INVOKED BY: E:\D\51\keil51\Keil5 C51\keil51\C51\BIN\C51.EXE Init.c OPTIMIZE(8,SPEED) BROWSE DEBUG OBJECTEXTEND 
                    -PRINT(.\Listings\Init.lst) OBJECT(.\Objects\Init.obj)

line level    source

   1          #include "Init.h"
   2          
   3          void Init_BZ(){
   4   1              P2=(P2&0x1f)|0xa0;
   5   1              P0=0x00;
   6   1              P2=(P2&0x1f)|0x80;
   7   1              P0=0xff;
   8   1      }


MODULE INFORMATION:   STATIC OVERLAYABLE
   CODE SIZE        =     23    ----
   CONSTANT SIZE    =   ----    ----
   XDATA SIZE       =   ----    ----
   PDATA SIZE       =   ----    ----
   DATA SIZE        =   ----    ----
   IDATA SIZE       =   ----    ----
   BIT SIZE         =   ----    ----
END OF MODULE INFORMATION.


C51 COMPILATION COMPLETE.  0 WARNING(S),  0 ERROR(S)
