C51 COMPILER V9.54   JZKEY                                                                 03/28/2023 16:45:58 PAGE 1   


C51 COMPILER V9.54, COMPILATION OF MODULE JZKEY
OBJECT MODULE PLACED IN .\Objects\JZKey.obj
COMPILER INVOKED BY: E:\D\51\keil51\Keil5 C51\keil51\C51\BIN\C51.EXE JZKey.c OPTIMIZE(8,SPEED) BROWSE DEBUG OBJECTEXTEND
                    - PRINT(.\Listings\JZKey.lst) OBJECT(.\Objects\JZKey.obj)

line level    source

   1          #include "JZKey.h"
   2          
   3          void JZKey_Init(){
   4   1              P32=1;
   5   1              P33=1;
   6   1              P34=0;
   7   1              P35=0;
   8   1      }
   9          
  10          unsigned char JZKey_GetKeynum(){
  11   1              unsigned char key_num=0;
  12   1              if(P32==0){
  13   2                      P32=0;
  14   2                      P34=1;
  15   2                      P35=1;
  16   2                      if(P34==0){
  17   3                              Delay10ms();
  18   3                              if(P34==0){
  19   4                                      key_num=17;
  20   4                              }
  21   3                              //while(P34==0);
  22   3                      }
  23   2                      else if(P35==0){
  24   3                              Delay10ms();
  25   3                              if(P35==0){
  26   4                                      key_num=13;
  27   4                              }
  28   3                              //while(P35==0);
  29   3                      }
  30   2              }
  31   1              else if(P33==0){
  32   2                      P33=0;
  33   2                      P34=1;
  34   2                      P35=1;
  35   2                      if(P34==0){
  36   3                              Delay10ms();
  37   3                              if(P34==0){
  38   4                                      key_num=16;
  39   4                              }
  40   3                              //while(P34==0);
  41   3                      }
  42   2                      else if(P35==0){
  43   3                              Delay10ms();
  44   3                              if(P35==0){
  45   4                                      key_num=12;
  46   4                              }
  47   3                              //while(P35==0);
  48   3                      }
  49   2              }
  50   1              JZKey_Init();
  51   1              return key_num;
  52   1      }


C51 COMPILER V9.54   JZKEY                                                                 03/28/2023 16:45:58 PAGE 2   

MODULE INFORMATION:   STATIC OVERLAYABLE
   CODE SIZE        =     90    ----
   CONSTANT SIZE    =   ----    ----
   XDATA SIZE       =   ----    ----
   PDATA SIZE       =   ----    ----
   DATA SIZE        =   ----       1
   IDATA SIZE       =   ----    ----
   BIT SIZE         =   ----    ----
END OF MODULE INFORMATION.


C51 COMPILATION COMPLETE.  0 WARNING(S),  0 ERROR(S)
