C51 COMPILER V9.54   SMG                                                                   03/23/2023 22:55:23 PAGE 1   


C51 COMPILER V9.54, COMPILATION OF MODULE SMG
OBJECT MODULE PLACED IN .\Objects\SMG.obj
COMPILER INVOKED BY: E:\D\51\keil51\Keil5 C51\keil51\C51\BIN\C51.EXE SMG.c OPTIMIZE(8,SPEED) BROWSE DEBUG OBJECTEXTEND P
                    -RINT(.\Listings\SMG.lst) OBJECT(.\Objects\SMG.obj)

line level    source

   1          #include "SMG.h"
   2          
   3          unsigned char code t_display[]={                       //????
   4          //   0    1    2    3    4    5    6    7    8    9    A    B    C    D    E    F
   5              0x3F,0x06,0x5B,0x4F,0x66,0x6D,0x7D,0x07,0x7F,0x6F,0x77,0x7C,0x39,0x5E,0x79,0x71,
   6          //black  -     H    J    K    L    N    o   P    U     t    G    Q    r   M    y
   7              0x00,0x40,0x76,0x1E,0x70,0x38,0x37,0x5C,0x73,0x3E,0x78,0x3d,0x67,0x50,0x37,0x6e,
   8              0xBF,0x86,0xDB,0xCF,0xE6,0xED,0xFD,0x87,0xFF,0xEF,0x46};    //0. 1. 2. 3. 4. 5. 6. 7. 8. 9. -1
   9          
  10          void SMG_Init(){
  11   1              P2=(P2&0x1f)|0xc0;
  12   1              P0=0xff;
  13   1              P2=(P2&0x1f)|0xe0;
  14   1              P0=0xff;
  15   1      }
  16          
  17          void SMG_Show(unsigned char n1,n2,n3,n4,n5,n6,n7,n8){
  18   1              static unsigned char i=0;
  19   1              i++;
  20   1              i=i%8;
  21   1              P2=(P2&0x1f)|0xc0;
  22   1              switch(i){
  23   2                      case 1:{
  24   3                              P0=0x01;
  25   3                              P2=(P2&0x1f)|0xe0;
  26   3                              P0=~t_display[n1];
  27   3                              break;
  28   3                      }
  29   2                      case 2:{
  30   3                              P0=0x02;
  31   3                              P2=(P2&0x1f)|0xe0;
  32   3                              P0=~t_display[n2];
  33   3                              break;
  34   3                      }
  35   2                      case 3:{
  36   3                              P0=0x04;
  37   3                              P2=(P2&0x1f)|0xe0;
  38   3                              P0=~t_display[n3];
  39   3                              break;
  40   3                      }
  41   2                      case 4:{
  42   3                              P0=0x08;
  43   3                              P2=(P2&0x1f)|0xe0;
  44   3                              P0=~t_display[n4];
  45   3                              break;
  46   3                      }
  47   2                      case 5:{
  48   3                              P0=0x10;
  49   3                              P2=(P2&0x1f)|0xe0;
  50   3                              P0=~t_display[n5];
  51   3                              break;
  52   3                      }
  53   2                      case 6:{
  54   3                              P0=0x20;
C51 COMPILER V9.54   SMG                                                                   03/23/2023 22:55:23 PAGE 2   

  55   3                              P2=(P2&0x1f)|0xe0;
  56   3                              P0=~t_display[n6];
  57   3                              break;
  58   3                      }
  59   2                      case 7:{
  60   3                              P0=0x40;
  61   3                              P2=(P2&0x1f)|0xe0;
  62   3                              P0=~t_display[n7];
  63   3                              break;
  64   3                      }
  65   2                      case 0:{
  66   3                              P0=0x80;
  67   3                              P2=(P2&0x1f)|0xe0;
  68   3                              P0=~t_display[n8];
  69   3                              break;
  70   3                      }
  71   2              }
  72   1              P2=(P2&0x1f)|0x00;
  73   1      }


MODULE INFORMATION:   STATIC OVERLAYABLE
   CODE SIZE        =    281    ----
   CONSTANT SIZE    =     43    ----
   XDATA SIZE       =   ----    ----
   PDATA SIZE       =   ----    ----
   DATA SIZE        =      1      15
   IDATA SIZE       =   ----    ----
   BIT SIZE         =   ----    ----
END OF MODULE INFORMATION.


C51 COMPILATION COMPLETE.  0 WARNING(S),  0 ERROR(S)
