C51 COMPILER V9.54   ONEWIRE                                                               03/26/2023 17:06:35 PAGE 1   


C51 COMPILER V9.54, COMPILATION OF MODULE ONEWIRE
OBJECT MODULE PLACED IN .\Objects\onewire.obj
COMPILER INVOKED BY: E:\D\51\keil51\Keil5 C51\keil51\C51\BIN\C51.EXE onewire.c OPTIMIZE(8,SPEED) BROWSE DEBUG OBJECTEXTE
                    -ND PRINT(.\Listings\onewire.lst) OBJECT(.\Objects\onewire.obj)

line level    source

   1          /*
   2            程序说明: 单总线驱动程序
   3            软件环境: Keil uVision 4.10 
   4            硬件环境: CT107单片机综合实训平台(外部晶振12MHz) STC89C52RC单片机
   5            日    期: 2011-8-9
   6          */
   7          #include "onewire.h"
   8          
   9          sbit DQ = P1^4;  //单总线接口
  10          
  11          //单总线延时函数
  12          void Delay_OneWire(unsigned int t)  //STC89C52RC
  13          {
  14   1              unsigned char i;
  15   1              while(t--){
  16   2                      for(i=0;i<12;i++);
  17   2              }
  18   1      }
  19          
  20          //通过单总线向DS18B20写一个字节
  21          void Write_DS18B20(unsigned char dat)
  22          {
  23   1              unsigned char i;
  24   1              for(i=0;i<8;i++)
  25   1              {
  26   2                      DQ = 0;
  27   2                      DQ = dat&0x01;
  28   2                      Delay_OneWire(5);
  29   2                      DQ = 1;
  30   2                      dat >>= 1;
  31   2              }
  32   1              Delay_OneWire(5);
  33   1      }
  34          
  35          //从DS18B20读取一个字节
  36          unsigned char Read_DS18B20(void)
  37          {
  38   1              unsigned char i;
  39   1              unsigned char dat;
  40   1        
  41   1              for(i=0;i<8;i++)
  42   1              {
  43   2                      DQ = 0;
  44   2                      dat >>= 1;
  45   2                      DQ = 1;
  46   2                      if(DQ)
  47   2                      {
  48   3                              dat |= 0x80;
  49   3                      }           
  50   2                      Delay_OneWire(5);
  51   2              }
  52   1              return dat;
  53   1      }
  54          
C51 COMPILER V9.54   ONEWIRE                                                               03/26/2023 17:06:35 PAGE 2   

  55          //DS18B20设备初始化
  56          bit init_ds18b20(void)
  57          {
  58   1              bit initflag = 0;
  59   1              
  60   1              DQ = 1;
  61   1              Delay_OneWire(12);
  62   1              DQ = 0;
  63   1              Delay_OneWire(80);
  64   1              DQ = 1;
  65   1              Delay_OneWire(10); 
  66   1          initflag = DQ;     
  67   1              Delay_OneWire(5);
  68   1        
  69   1              return initflag;
  70   1      }
  71          
  72          float DS18B20_GetWenDu(){
  73   1              float wen_du,zs,xs;
  74   1              unsigned char di,gao;
  75   1              init_ds18b20();
  76   1              Write_DS18B20(0xcc);
  77   1              Write_DS18B20(0x44);
  78   1              Delay_OneWire(200);
  79   1              
  80   1              init_ds18b20();
  81   1              Write_DS18B20(0xcc);
  82   1              Write_DS18B20(0xbe);
  83   1              
  84   1              EA=0;
  85   1              di=Read_DS18B20();
  86   1              gao=Read_DS18B20();
  87   1              EA=1;
  88   1              
  89   1              if(gao>=240){
  90   2                      di=~di;
  91   2                      gao=~gao;
  92   2                      if(di==0xff){
  93   3                              di=0;
  94   3                              gao++;
  95   3                      }
  96   2                      else{
  97   3                              di++;
  98   3                      }
  99   2                      zs=((gao<<4)|(di>>4))*1.0;
 100   2                      xs=(di&0x0f)*0.0625;
 101   2                      wen_du=-(zs+xs);
 102   2              }
 103   1              else{
 104   2                      zs=((gao<<4)|(di>>4))*1.0;
 105   2                      xs=(di&0x0f)*0.0625;
 106   2                      wen_du=(zs+xs);
 107   2              }
 108   1              return wen_du;
 109   1      }


MODULE INFORMATION:   STATIC OVERLAYABLE
   CODE SIZE        =    355    ----
   CONSTANT SIZE    =   ----    ----
   XDATA SIZE       =   ----    ----
   PDATA SIZE       =   ----    ----
C51 COMPILER V9.54   ONEWIRE                                                               03/26/2023 17:06:35 PAGE 3   

   DATA SIZE        =   ----      14
   IDATA SIZE       =   ----    ----
   BIT SIZE         =   ----       1
END OF MODULE INFORMATION.


C51 COMPILATION COMPLETE.  0 WARNING(S),  0 ERROR(S)
